{"/Users/michele.brissoni@ibm.com/ProgettiGit/UndeadGrishnackh/sandbox/src/sandbox.js": {"path":"/Users/michele.brissoni@ibm.com/ProgettiGit/UndeadGrishnackh/sandbox/src/sandbox.js","statementMap":{"0":{"start":{"line":1,"column":16},"end":{"line":3,"column":1}},"1":{"start":{"line":5,"column":0},"end":{"line":7,"column":1}}},"fnMap":{"0":{"name":"(anonymous_0)","decl":{"start":{"line":1,"column":16},"end":{"line":1,"column":17}},"loc":{"start":{"line":1,"column":22},"end":{"line":3,"column":1}},"line":1}},"branchMap":{},"s":{"0":1,"1":1},"f":{"0":0},"b":{},"_coverageSchema":"1a1c01bbd47fc00a2c39e90264f33305004495a9","hash":"1e81f650ebeb9b0a6e8e9840b9c05aa17c91ccb5"}
}
